TN:
SF:src/controllers/UserController.ts
FN:11,UserController
FN:18,createUser
FN:28,deleteUser
FN:38,findUser
FN:48,findAllUsers
FNF:5
FNH:5
FNDA:12,UserController
FNDA:2,createUser
FNDA:2,deleteUser
FNDA:2,findUser
FNDA:2,findAllUsers
DA:1,1
DA:2,1
DA:3,1
DA:4,1
DA:5,1
DA:6,1
DA:7,1
DA:8,1
DA:9,1
DA:10,1
DA:11,1
DA:12,12
DA:13,12
DA:14,12
DA:15,12
DA:16,12
DA:17,1
DA:18,1
DA:19,2
DA:20,2
DA:21,2
DA:22,1
DA:23,1
DA:24,1
DA:25,1
DA:26,2
DA:27,1
DA:28,1
DA:29,2
DA:30,2
DA:31,2
DA:32,1
DA:33,1
DA:34,1
DA:35,1
DA:36,2
DA:37,1
DA:38,1
DA:39,2
DA:40,2
DA:41,2
DA:42,1
DA:43,1
DA:44,1
DA:45,1
DA:46,2
DA:47,1
DA:48,1
DA:49,2
DA:50,2
DA:51,1
DA:52,1
DA:53,1
DA:54,1
DA:55,2
DA:56,1
LF:56
LH:56
BRDA:11,0,0,12
BRDA:18,1,0,2
BRDA:22,2,0,1
BRDA:28,3,0,2
BRDA:32,4,0,1
BRDA:38,5,0,2
BRDA:42,6,0,1
BRDA:48,7,0,2
BRDA:51,8,0,1
BRF:9
BRH:9
end_of_record
TN:
SF:src/factory/UserFactory.ts
FN:6,create
FNF:1
FNH:1
FNDA:1,create
DA:1,1
DA:2,1
DA:3,1
DA:4,1
DA:5,1
DA:6,1
DA:7,1
DA:8,1
DA:9,1
DA:10,1
DA:11,1
DA:12,1
LF:12
LH:12
BRDA:6,0,0,1
BRF:1
BRH:1
end_of_record
TN:
SF:src/middleware/ErrorHandler.ts
FN:4,handle
FNF:1
FNH:1
FNDA:3,handle
DA:1,1
DA:2,1
DA:3,1
DA:4,1
DA:5,3
DA:6,3
DA:7,3
DA:8,3
DA:9,3
DA:10,3
DA:11,1
DA:12,1
DA:13,3
DA:14,1
DA:15,1
DA:16,3
DA:17,1
DA:18,1
DA:19,3
DA:20,3
DA:21,3
DA:22,1
DA:23,1
DA:24,1
LF:24
LH:24
BRDA:4,0,0,3
BRDA:10,1,0,1
BRDA:13,2,0,1
BRDA:16,3,0,1
BRF:4
BRH:4
end_of_record
TN:
SF:src/repository/UserRepository.ts
FN:7,UserRepository
FN:11,findByCpf
FN:22,create
FN:35,delete
FN:48,findAll
FNF:5
FNH:5
FNDA:2,UserRepository
FNDA:5,findByCpf
FNDA:2,create
FNDA:2,delete
FNDA:1,findAll
DA:1,1
DA:2,1
DA:3,1
DA:4,1
DA:5,1
DA:6,1
DA:7,1
DA:8,2
DA:9,2
DA:10,1
DA:11,1
DA:12,5
DA:13,5
DA:14,5
DA:15,5
DA:16,5
DA:17,5
DA:18,5
DA:19,5
DA:20,5
DA:21,1
DA:22,1
DA:23,2
DA:24,2
DA:25,1
DA:26,1
DA:27,1
DA:28,1
DA:29,1
DA:30,1
DA:31,1
DA:32,1
DA:33,1
DA:34,1
DA:35,1
DA:36,2
DA:37,2
DA:38,2
DA:39,1
DA:40,1
DA:41,1
DA:42,1
DA:43,1
DA:44,1
DA:45,1
DA:46,1
DA:47,1
DA:48,1
DA:49,1
DA:50,1
DA:51,1
DA:52,1
DA:53,1
DA:54,1
LF:54
LH:54
BRDA:7,0,0,2
BRDA:11,1,0,5
BRDA:22,2,0,2
BRDA:24,3,0,1
BRDA:35,4,0,2
BRDA:38,5,0,1
BRDA:48,6,0,1
BRF:7
BRH:7
end_of_record
TN:
SF:src/services/UserServices.ts
FN:8,UserService
FN:12,create
FN:18,delete
FN:24,findAll
FN:29,findByCpf
FNF:5
FNH:5
FNDA:9,UserService
FNDA:2,create
FNDA:2,delete
FNDA:1,findAll
FNDA:3,findByCpf
DA:1,1
DA:2,1
DA:3,1
DA:4,1
DA:5,1
DA:6,1
DA:7,1
DA:8,1
DA:9,9
DA:10,9
DA:11,1
DA:12,1
DA:13,2
DA:14,1
DA:15,1
DA:16,1
DA:17,1
DA:18,1
DA:19,2
DA:20,1
DA:21,1
DA:22,1
DA:23,1
DA:24,1
DA:25,1
DA:26,1
DA:27,1
DA:28,1
DA:29,1
DA:30,3
DA:31,2
DA:32,3
DA:33,1
DA:34,1
DA:35,1
LF:35
LH:35
BRDA:8,0,0,9
BRDA:12,1,0,2
BRDA:13,2,0,1
BRDA:18,3,0,2
BRDA:19,4,0,1
BRDA:24,5,0,1
BRDA:29,6,0,3
BRDA:30,7,0,1
BRDA:31,8,0,2
BRDA:32,9,0,1
BRF:10
BRH:10
end_of_record
TN:
SF:src/utils/AbstractConnection.ts
FNF:0
FNH:0
DA:1,1
DA:2,1
DA:3,1
LF:3
LH:3
BRF:0
BRH:0
end_of_record
TN:
SF:src/utils/PrismaConnection.ts
FN:6,connect
FNF:1
FNH:1
FNDA:1,connect
DA:1,1
DA:2,1
DA:3,1
DA:4,1
DA:5,1
DA:6,1
DA:7,1
DA:8,1
DA:9,1
LF:9
LH:9
BRDA:6,0,0,1
BRF:1
BRH:1
end_of_record
